<?xml version="1.0" encoding="UTF-8"?>
<!-- Generated by org.testng.reporters.JUnitReportReporter -->
<testsuite hostname="Ameyas-MBP.fritz.box" failures="0" tests="1" name="com.restassured.postrequestbody.UsingHashmap" time="3.640" errors="0" timestamp="2025-09-19T12:38:05 CEST" skipped="0">
  <testcase classname="com.restassured.postrequestbody.UsingHashmap" name="testUsingHashamp" time="3.640"/>
</testsuite> <!-- com.restassured.postrequestbody.UsingHashmap -->
