<?xml version="1.0" encoding="UTF-8"?>
<!-- Generated by org.testng.reporters.JUnitReportReporter -->
<testsuite hostname="Ameyas-MBP.fritz.box" failures="0" tests="1" name="com.restassured.postrequestbody.UsingExternalJsonFile" time="2.908" errors="0" timestamp="2025-09-19T14:50:34 CEST" skipped="0">
  <testcase classname="com.restassured.postrequestbody.UsingExternalJsonFile" name="usingExternalJsonFile" time="2.908"/>
</testsuite> <!-- com.restassured.postrequestbody.UsingExternalJsonFile -->
