<?xml version="1.0" encoding="UTF-8"?>
<!-- Generated by org.testng.reporters.JUnitReportReporter -->
<testsuite hostname="Ameyas-MBP.fritz.box" failures="0" tests="1" name="com.restassured.postrequestbody.UsingJsonLibrary" time="1.863" errors="0" timestamp="2025-09-19T13:52:35 CEST" skipped="0">
  <testcase classname="com.restassured.postrequestbody.UsingJsonLibrary" name="deleteTheCreatedUser" time="1.863"/>
</testsuite> <!-- com.restassured.postrequestbody.UsingJsonLibrary -->
