<?xml version="1.0" encoding="UTF-8"?>
<!-- Generated by org.testng.reporters.JUnitReportReporter -->
<testsuite hostname="Ameyas-MBP.fritz.box" failures="0" tests="4" name="com.restassured.demo.HTTPRequests" time="4.603" errors="0" timestamp="2025-09-15T16:48:32 CEST" skipped="0">
  <testcase classname="com.restassured.demo.HTTPRequests" name="getListOfUser" time="3.466"/>
  <testcase classname="com.restassured.demo.HTTPRequests" name="createUser" time="0.654"/>
  <testcase classname="com.restassured.demo.HTTPRequests" name="updateUser" time="0.259"/>
  <testcase classname="com.restassured.demo.HTTPRequests" name="deleteUser" time="0.224"/>
</testsuite> <!-- com.restassured.demo.HTTPRequests -->
