<?xml version="1.0" encoding="UTF-8"?>
<!-- Generated by org.testng.reporters.JUnitReportReporter -->
<testsuite hostname="Ameyas-MBP.fritz.box" failures="0" tests="1" name="com.restassured.paramters.QueryAndPathParamters" time="2.514" errors="0" timestamp="2025-09-19T15:27:37 CEST" skipped="0">
  <testcase classname="com.restassured.paramters.QueryAndPathParamters" name="testQueryAndPathParamters" time="2.514"/>
</testsuite> <!-- com.restassured.paramters.QueryAndPathParamters -->
