<?xml version="1.0" encoding="UTF-8"?>
<!-- Generated by org.testng.reporters.JUnitReportReporter -->
<testsuite hostname="Ameyas-MBP.fritz.box" failures="0" tests="1" name="com.restassured.postrequestbody.UsingHashmap" time="2.871" errors="0" timestamp="2025-09-19T13:19:22 CEST" skipped="0">
  <testcase classname="com.restassured.postrequestbody.UsingHashmap" name="testUsingHashamp" time="2.871"/>
</testsuite> <!-- com.restassured.postrequestbody.UsingHashmap -->
