<?xml version="1.0" encoding="UTF-8"?>
<!-- Generated by org.testng.reporters.JUnitReportReporter -->
<testsuite hostname="Ameyas-MBP.fritz.box" failures="0" tests="2" name="com.restassured.postrequestbody.UsingHashmap" time="6.712" errors="0" timestamp="2025-09-19T12:51:49 CEST" skipped="0">
  <testcase classname="com.restassured.postrequestbody.UsingHashmap" name="testUsingHashamp" time="2.333"/>
  <testcase classname="com.restassured.postrequestbody.UsingHashmap" name="deleteTheCreatedUser" time="4.379"/>
</testsuite> <!-- com.restassured.postrequestbody.UsingHashmap -->
