<?xml version="1.0" encoding="UTF-8"?>
<!-- Generated by org.testng.reporters.JUnitReportReporter -->
<testsuite hostname="Ameyas-MBP.fritz.box" failures="0" tests="1" name="com.restassured.postrequestbody.UsingPojoClass" time="3.174" errors="0" timestamp="2025-09-19T14:20:20 CEST" skipped="0">
  <testcase classname="com.restassured.postrequestbody.UsingPojoClass" name="testUsingPojoClass" time="3.174"/>
</testsuite> <!-- com.restassured.postrequestbody.UsingPojoClass -->
